{"/Z/Projects/find-zero-range/index.js":{"path":"/Z/Projects/find-zero-range/index.js","s":{"1":1,"2":4351,"3":4351,"4":4351,"5":2,"6":4349,"7":1,"8":4348,"9":2,"10":4346,"11":2,"12":4344,"13":4344,"14":4344,"15":101288,"16":101288,"17":15856,"18":101288,"19":49816,"20":51472,"21":4344,"22":360,"23":3984,"24":3984,"25":90752,"26":90752,"27":13328,"28":90752,"29":57560,"30":33192,"31":3984,"32":336,"33":3648},"b":{"1":[2,4349],"2":[4351,2],"3":[1,4348],"4":[2,4346],"5":[2,4344],"6":[15856,85432],"7":[49816,51472],"8":[360,3984],"9":[13328,77424],"10":[57560,33192],"11":[336,3648]},"f":{"1":4351},"fnMap":{"1":{"name":"(anonymous_1)","line":4,"loc":{"start":{"line":4,"column":17},"end":{"line":4,"column":36}}}},"statementMap":{"1":{"start":{"line":4,"column":0},"end":{"line":38,"column":2}},"2":{"start":{"line":9,"column":4},"end":{"line":9,"column":40}},"3":{"start":{"line":10,"column":4},"end":{"line":10,"column":27}},"4":{"start":{"line":11,"column":4},"end":{"line":11,"column":43}},"5":{"start":{"line":11,"column":30},"end":{"line":11,"column":43}},"6":{"start":{"line":12,"column":4},"end":{"line":12,"column":82}},"7":{"start":{"line":12,"column":15},"end":{"line":12,"column":82}},"8":{"start":{"line":13,"column":4},"end":{"line":13,"column":25}},"9":{"start":{"line":13,"column":15},"end":{"line":13,"column":25}},"10":{"start":{"line":14,"column":4},"end":{"line":14,"column":25}},"11":{"start":{"line":14,"column":15},"end":{"line":14,"column":25}},"12":{"start":{"line":15,"column":4},"end":{"line":15,"column":25}},"13":{"start":{"line":16,"column":4},"end":{"line":16,"column":16}},"14":{"start":{"line":17,"column":4},"end":{"line":24,"column":5}},"15":{"start":{"line":18,"column":1},"end":{"line":18,"column":24}},"16":{"start":{"line":19,"column":1},"end":{"line":19,"column":36}},"17":{"start":{"line":19,"column":14},"end":{"line":19,"column":36}},"18":{"start":{"line":20,"column":1},"end":{"line":23,"column":18}},"19":{"start":{"line":21,"column":5},"end":{"line":21,"column":18}},"20":{"start":{"line":23,"column":5},"end":{"line":23,"column":18}},"21":{"start":{"line":25,"column":4},"end":{"line":26,"column":17}},"22":{"start":{"line":26,"column":1},"end":{"line":26,"column":17}},"23":{"start":{"line":27,"column":4},"end":{"line":27,"column":17}},"24":{"start":{"line":28,"column":4},"end":{"line":35,"column":5}},"25":{"start":{"line":29,"column":1},"end":{"line":29,"column":22}},"26":{"start":{"line":30,"column":1},"end":{"line":30,"column":36}},"27":{"start":{"line":30,"column":14},"end":{"line":30,"column":36}},"28":{"start":{"line":31,"column":1},"end":{"line":34,"column":17}},"29":{"start":{"line":32,"column":5},"end":{"line":32,"column":16}},"30":{"start":{"line":34,"column":5},"end":{"line":34,"column":17}},"31":{"start":{"line":36,"column":4},"end":{"line":36,"column":40}},"32":{"start":{"line":36,"column":24},"end":{"line":36,"column":40}},"33":{"start":{"line":37,"column":4},"end":{"line":37,"column":27}}},"branchMap":{"1":{"line":11,"type":"if","locations":[{"start":{"line":11,"column":4},"end":{"line":11,"column":4}},{"start":{"line":11,"column":4},"end":{"line":11,"column":4}}]},"2":{"line":11,"type":"binary-expr","locations":[{"start":{"line":11,"column":9},"end":{"line":11,"column":15}},{"start":{"line":11,"column":21},"end":{"line":11,"column":27}}]},"3":{"line":12,"type":"if","locations":[{"start":{"line":12,"column":4},"end":{"line":12,"column":4}},{"start":{"line":12,"column":4},"end":{"line":12,"column":4}}]},"4":{"line":13,"type":"if","locations":[{"start":{"line":13,"column":4},"end":{"line":13,"column":4}},{"start":{"line":13,"column":4},"end":{"line":13,"column":4}}]},"5":{"line":14,"type":"if","locations":[{"start":{"line":14,"column":4},"end":{"line":14,"column":4}},{"start":{"line":14,"column":4},"end":{"line":14,"column":4}}]},"6":{"line":19,"type":"if","locations":[{"start":{"line":19,"column":1},"end":{"line":19,"column":1}},{"start":{"line":19,"column":1},"end":{"line":19,"column":1}}]},"7":{"line":20,"type":"if","locations":[{"start":{"line":20,"column":1},"end":{"line":20,"column":1}},{"start":{"line":20,"column":1},"end":{"line":20,"column":1}}]},"8":{"line":25,"type":"if","locations":[{"start":{"line":25,"column":4},"end":{"line":25,"column":4}},{"start":{"line":25,"column":4},"end":{"line":25,"column":4}}]},"9":{"line":30,"type":"if","locations":[{"start":{"line":30,"column":1},"end":{"line":30,"column":1}},{"start":{"line":30,"column":1},"end":{"line":30,"column":1}}]},"10":{"line":31,"type":"if","locations":[{"start":{"line":31,"column":1},"end":{"line":31,"column":1}},{"start":{"line":31,"column":1},"end":{"line":31,"column":1}}]},"11":{"line":36,"type":"if","locations":[{"start":{"line":36,"column":4},"end":{"line":36,"column":4}},{"start":{"line":36,"column":4},"end":{"line":36,"column":4}}]}}}}