TN:
SF:/Z/Projects/find-zero-range/index.js
FN:4,(anonymous_1)
FNF:1
FNH:1
FNDA:4351,(anonymous_1)
DA:4,1
DA:9,4351
DA:10,4351
DA:11,4351
DA:12,4349
DA:13,4348
DA:14,4346
DA:15,4344
DA:16,4344
DA:17,4344
DA:18,101288
DA:19,101288
DA:20,101288
DA:21,49816
DA:23,51472
DA:25,4344
DA:26,360
DA:27,3984
DA:28,3984
DA:29,90752
DA:30,90752
DA:31,90752
DA:32,57560
DA:34,33192
DA:36,3984
DA:37,3648
LF:26
LH:26
BRDA:11,1,0,2
BRDA:11,1,1,4349
BRDA:11,2,0,4351
BRDA:11,2,1,2
BRDA:12,3,0,1
BRDA:12,3,1,4348
BRDA:13,4,0,2
BRDA:13,4,1,4346
BRDA:14,5,0,2
BRDA:14,5,1,4344
BRDA:19,6,0,15856
BRDA:19,6,1,85432
BRDA:20,7,0,49816
BRDA:20,7,1,51472
BRDA:25,8,0,360
BRDA:25,8,1,3984
BRDA:30,9,0,13328
BRDA:30,9,1,77424
BRDA:31,10,0,57560
BRDA:31,10,1,33192
BRDA:36,11,0,336
BRDA:36,11,1,3648
BRF:22
BRH:22
end_of_record
